<?xml version="1.0" encoding="UTF-8"?>
<!-- Generated by org.testng.reporters.JUnitReportReporter -->
<testsuite hostname="NIKHIL" failures="0" tests="17" name="com.sgtesting.TestNGScenarioAssignments.Assignment3TrailActime" time="19.711" errors="0" timestamp="2023-07-20T12:10:27 IST" skipped="0">
  <testcase classname="com.sgtesting.TestNGScenarioAssignments.Assignment3TrailActime" name="launchBrowser" time="1.825"/>
  <testcase classname="com.sgtesting.TestNGScenarioAssignments.Assignment3TrailActime" name="Navigate" time="1.292"/>
  <testcase classname="com.sgtesting.TestNGScenarioAssignments.Assignment3TrailActime" name="Adminlogin3" time="0.016"/>
  <testcase classname="com.sgtesting.TestNGScenarioAssignments.Assignment3TrailActime" name="Adminlogin2" time="0.021"/>
  <testcase classname="com.sgtesting.TestNGScenarioAssignments.Assignment3TrailActime" name="Adminlogin1" time="3.189"/>
  <testcase classname="com.sgtesting.TestNGScenarioAssignments.Assignment3TrailActime" name="close" time="2.119"/>
  <testcase classname="com.sgtesting.TestNGScenarioAssignments.Assignment3TrailActime" name="AdminDeleteUser123" time="1.499"/>
  <testcase classname="com.sgtesting.TestNGScenarioAssignments.Assignment3TrailActime" name="UsersNewPasswordloginAndLogout" time="2.349"/>
  <testcase classname="com.sgtesting.TestNGScenarioAssignments.Assignment3TrailActime" name="minimize" time="0.013"/>
  <testcase classname="com.sgtesting.TestNGScenarioAssignments.Assignment3TrailActime" name="UsersModifyPasswordAndLogout" time="2.260"/>
  <testcase classname="com.sgtesting.TestNGScenarioAssignments.Assignment3TrailActime" name="Adminlogout1" time="2.228"/>
  <testcase classname="com.sgtesting.TestNGScenarioAssignments.Assignment3TrailActime" name="UsersloginAndLogout1" time="0.396"/>
  <testcase classname="com.sgtesting.TestNGScenarioAssignments.Assignment3TrailActime" name="Adminlogout3" time="0.024"/>
  <testcase classname="com.sgtesting.TestNGScenarioAssignments.Assignment3TrailActime" name="ModifyUser123passwordByAdmin" time="0.023"/>
  <testcase classname="com.sgtesting.TestNGScenarioAssignments.Assignment3TrailActime" name="UsersNewpasswordLoginAndLogout" time="2.348"/>
  <testcase classname="com.sgtesting.TestNGScenarioAssignments.Assignment3TrailActime" name="UsersCreation1" time="0.084"/>
  <testcase classname="com.sgtesting.TestNGScenarioAssignments.Assignment3TrailActime" name="Adminlogout2" time="0.025"/>
</testsuite> <!-- com.sgtesting.TestNGScenarioAssignments.Assignment3TrailActime -->
