<?xml version="1.0" encoding="UTF-8"?>
<!-- Generated by org.testng.reporters.JUnitReportReporter -->
<testsuite hostname="NIKHIL" failures="0" tests="3" name="com.sgtesting.users.Users" time="0.005" errors="0" timestamp="2023-07-19T15:45:29 IST" skipped="0">
  <testcase classname="com.sgtesting.users.Users" name="modifyUser" time="0.000"/>
  <testcase classname="com.sgtesting.users.Users" name="deleteUser" time="0.001"/>
  <testcase classname="com.sgtesting.users.Users" name="createUser" time="0.004"/>
</testsuite> <!-- com.sgtesting.users.Users -->
