<?xml version="1.0" encoding="UTF-8"?>
<!-- Generated by org.testng.reporters.JUnitReportReporter -->
<testsuite hostname="NIKHIL" failures="0" tests="8" name="com.sgtesting.TestNGScenarioAssignments.Assignment4Actime" time="22.819" errors="0" timestamp="2023-07-20T12:12:08 IST" skipped="0">
  <testcase classname="com.sgtesting.TestNGScenarioAssignments.Assignment4Actime" name="launch" time="1.750"/>
  <testcase classname="com.sgtesting.TestNGScenarioAssignments.Assignment4Actime" name="Navigate" time="1.311"/>
  <testcase classname="com.sgtesting.TestNGScenarioAssignments.Assignment4Actime" name="login" time="3.197"/>
  <testcase classname="com.sgtesting.TestNGScenarioAssignments.Assignment4Actime" name="Minimize" time="1.081"/>
  <testcase classname="com.sgtesting.TestNGScenarioAssignments.Assignment4Actime" name="Createcustomer" time="5.693"/>
  <testcase classname="com.sgtesting.TestNGScenarioAssignments.Assignment4Actime" name="Deletecustomer" time="4.359"/>
  <testcase classname="com.sgtesting.TestNGScenarioAssignments.Assignment4Actime" name="logout" time="2.264"/>
  <testcase classname="com.sgtesting.TestNGScenarioAssignments.Assignment4Actime" name="CloseBrowser" time="3.164"/>
</testsuite> <!-- com.sgtesting.TestNGScenarioAssignments.Assignment4Actime -->
