<?xml version="1.0" encoding="UTF-8"?>
<!-- Generated by org.testng.reporters.JUnitReportReporter -->
<testsuite hostname="NIKHIL" failures="0" tests="8" name="com.sgtesting.TestNGScenarioAssignments.Assignment1Actime" time="29.616" errors="0" timestamp="2023-07-20T12:08:53 IST" skipped="0">
  <testcase classname="com.sgtesting.TestNGScenarioAssignments.Assignment1Actime" name="launchBrowser" time="2.535"/>
  <testcase classname="com.sgtesting.TestNGScenarioAssignments.Assignment1Actime" name="Navigate" time="2.329"/>
  <testcase classname="com.sgtesting.TestNGScenarioAssignments.Assignment1Actime" name="login" time="3.192"/>
  <testcase classname="com.sgtesting.TestNGScenarioAssignments.Assignment1Actime" name="minimize" time="3.053"/>
  <testcase classname="com.sgtesting.TestNGScenarioAssignments.Assignment1Actime" name="User" time="7.956"/>
  <testcase classname="com.sgtesting.TestNGScenarioAssignments.Assignment1Actime" name="deleteUser" time="6.189"/>
  <testcase classname="com.sgtesting.TestNGScenarioAssignments.Assignment1Actime" name="logout" time="2.227"/>
  <testcase classname="com.sgtesting.TestNGScenarioAssignments.Assignment1Actime" name="close" time="2.135"/>
</testsuite> <!-- com.sgtesting.TestNGScenarioAssignments.Assignment1Actime -->
