<?xml version="1.0" encoding="UTF-8"?>
<!-- Generated by org.testng.reporters.JUnitReportReporter -->
<testsuite hostname="DESKTOP-GU8OJ5B" failures="0" tests="3" name="com.sgtesting.parameters.UsersPara" time="0.034" errors="0" timestamp="2022-11-09T18:18:09 IST" skipped="0">
  <testcase classname="com.sgtesting.parameters.UsersPara" name="createUser" time="0.017"/>
  <system-out/>
  <testcase classname="com.sgtesting.parameters.UsersPara" name="modifyUser" time="0.005"/>
  <system-out/>
  <testcase classname="com.sgtesting.parameters.UsersPara" name="deleteUser" time="0.012"/>
  <system-out/>
</testsuite> <!-- com.sgtesting.parameters.UsersPara -->
