<?xml version="1.0" encoding="UTF-8"?>
<!-- Generated by org.testng.reporters.JUnitReportReporter -->
<testsuite hostname="NIKHIL" failures="0" tests="11" name="com.sgtesting.TestNGScenarioAssignments.Assignment7Actime" time="36.838" errors="0" timestamp="2023-07-20T12:14:29 IST" skipped="0">
  <testcase classname="com.sgtesting.TestNGScenarioAssignments.Assignment7Actime" name="launch" time="1.703"/>
  <testcase classname="com.sgtesting.TestNGScenarioAssignments.Assignment7Actime" name="Navigate" time="1.301"/>
  <testcase classname="com.sgtesting.TestNGScenarioAssignments.Assignment7Actime" name="login" time="3.197"/>
  <testcase classname="com.sgtesting.TestNGScenarioAssignments.Assignment7Actime" name="Minimize" time="1.082"/>
  <testcase classname="com.sgtesting.TestNGScenarioAssignments.Assignment7Actime" name="Createcustomer" time="5.676"/>
  <testcase classname="com.sgtesting.TestNGScenarioAssignments.Assignment7Actime" name="CreateProject" time="6.476"/>
  <testcase classname="com.sgtesting.TestNGScenarioAssignments.Assignment7Actime" name="ModifyProject" time="4.292"/>
  <testcase classname="com.sgtesting.TestNGScenarioAssignments.Assignment7Actime" name="DeleteProject" time="3.311"/>
  <testcase classname="com.sgtesting.TestNGScenarioAssignments.Assignment7Actime" name="Deletecustomer" time="4.394"/>
  <testcase classname="com.sgtesting.TestNGScenarioAssignments.Assignment7Actime" name="logout" time="2.243"/>
  <testcase classname="com.sgtesting.TestNGScenarioAssignments.Assignment7Actime" name="CloseBrowser" time="3.163"/>
</testsuite> <!-- com.sgtesting.TestNGScenarioAssignments.Assignment7Actime -->
