<?xml version="1.0" encoding="UTF-8"?>
<!-- Generated by org.testng.reporters.JUnitReportReporter -->
<testsuite hostname="NIKHIL" failures="0" tests="9" name="com.sgtesting.TestNGScenarioAssignments.Assignment2Actime" time="36.933" errors="0" timestamp="2023-07-20T12:09:41 IST" skipped="0">
  <testcase classname="com.sgtesting.TestNGScenarioAssignments.Assignment2Actime" name="launchBrowser" time="1.864"/>
  <testcase classname="com.sgtesting.TestNGScenarioAssignments.Assignment2Actime" name="Navigate" time="2.315"/>
  <testcase classname="com.sgtesting.TestNGScenarioAssignments.Assignment2Actime" name="login" time="5.290"/>
  <testcase classname="com.sgtesting.TestNGScenarioAssignments.Assignment2Actime" name="minimize" time="3.098"/>
  <testcase classname="com.sgtesting.TestNGScenarioAssignments.Assignment2Actime" name="User" time="8.265"/>
  <testcase classname="com.sgtesting.TestNGScenarioAssignments.Assignment2Actime" name="ModifyUser" time="3.425"/>
  <testcase classname="com.sgtesting.TestNGScenarioAssignments.Assignment2Actime" name="deleteUser" time="6.275"/>
  <testcase classname="com.sgtesting.TestNGScenarioAssignments.Assignment2Actime" name="logout" time="3.252"/>
  <testcase classname="com.sgtesting.TestNGScenarioAssignments.Assignment2Actime" name="close" time="3.149"/>
</testsuite> <!-- com.sgtesting.TestNGScenarioAssignments.Assignment2Actime -->
