<?xml version="1.0" encoding="UTF-8"?>
<!-- Generated by org.testng.reporters.JUnitReportReporter -->
<testsuite hostname="NIKHIL" failures="0" tests="10" name="com.sgtesting.TestNGScenarioAssignments.Assignment6Actime" time="33.406" errors="0" timestamp="2023-07-20T12:13:43 IST" skipped="0">
  <testcase classname="com.sgtesting.TestNGScenarioAssignments.Assignment6Actime" name="launch" time="1.745"/>
  <testcase classname="com.sgtesting.TestNGScenarioAssignments.Assignment6Actime" name="Navigate" time="1.304"/>
  <testcase classname="com.sgtesting.TestNGScenarioAssignments.Assignment6Actime" name="login" time="3.219"/>
  <testcase classname="com.sgtesting.TestNGScenarioAssignments.Assignment6Actime" name="Minimize" time="1.063"/>
  <testcase classname="com.sgtesting.TestNGScenarioAssignments.Assignment6Actime" name="Createcustomer" time="5.677"/>
  <testcase classname="com.sgtesting.TestNGScenarioAssignments.Assignment6Actime" name="CreateProject" time="6.376"/>
  <testcase classname="com.sgtesting.TestNGScenarioAssignments.Assignment6Actime" name="DeleteProject" time="4.364"/>
  <testcase classname="com.sgtesting.TestNGScenarioAssignments.Assignment6Actime" name="Deletecustomer" time="4.280"/>
  <testcase classname="com.sgtesting.TestNGScenarioAssignments.Assignment6Actime" name="logout" time="2.236"/>
  <testcase classname="com.sgtesting.TestNGScenarioAssignments.Assignment6Actime" name="CloseBrowser" time="3.142"/>
</testsuite> <!-- com.sgtesting.TestNGScenarioAssignments.Assignment6Actime -->
