<?xml version="1.0" encoding="UTF-8"?>
<!-- Generated by org.testng.reporters.JUnitReportReporter -->
<testsuite hostname="NIKHIL" failures="0" tests="9" name="com.sgtesting.TestNGScenarioAssignments.Assignment5Actime" time="27.155" errors="0" timestamp="2023-07-20T12:12:41 IST" skipped="0">
  <testcase classname="com.sgtesting.TestNGScenarioAssignments.Assignment5Actime" name="launch" time="1.727"/>
  <testcase classname="com.sgtesting.TestNGScenarioAssignments.Assignment5Actime" name="Navigate" time="1.301"/>
  <testcase classname="com.sgtesting.TestNGScenarioAssignments.Assignment5Actime" name="login" time="3.238"/>
  <testcase classname="com.sgtesting.TestNGScenarioAssignments.Assignment5Actime" name="Minimize" time="1.080"/>
  <testcase classname="com.sgtesting.TestNGScenarioAssignments.Assignment5Actime" name="Createcustomer" time="5.717"/>
  <testcase classname="com.sgtesting.TestNGScenarioAssignments.Assignment5Actime" name="Modifycustomer" time="4.318"/>
  <testcase classname="com.sgtesting.TestNGScenarioAssignments.Assignment5Actime" name="Deletecustomer" time="4.377"/>
  <testcase classname="com.sgtesting.TestNGScenarioAssignments.Assignment5Actime" name="logout" time="2.242"/>
  <testcase classname="com.sgtesting.TestNGScenarioAssignments.Assignment5Actime" name="CloseBrowser" time="3.155"/>
</testsuite> <!-- com.sgtesting.TestNGScenarioAssignments.Assignment5Actime -->
