<?xml version="1.0" encoding="UTF-8"?>
<!-- Generated by org.testng.reporters.JUnitReportReporter -->
<testsuite hostname="NIKHIL" failures="0" tests="8" name="com.sgtesting.actitime.ScrnshotAssignment1Actime" time="32.458" errors="0" timestamp="2023-07-20T13:27:21 IST" skipped="0">
  <testcase classname="com.sgtesting.actitime.ScrnshotAssignment1Actime" name="launchBrowser" time="4.443"/>
  <testcase classname="com.sgtesting.actitime.ScrnshotAssignment1Actime" name="Navigate" time="2.414"/>
  <testcase classname="com.sgtesting.actitime.ScrnshotAssignment1Actime" name="login" time="3.428"/>
  <testcase classname="com.sgtesting.actitime.ScrnshotAssignment1Actime" name="minimize" time="3.095"/>
  <testcase classname="com.sgtesting.actitime.ScrnshotAssignment1Actime" name="User" time="8.516"/>
  <testcase classname="com.sgtesting.actitime.ScrnshotAssignment1Actime" name="deleteUser" time="6.204"/>
  <testcase classname="com.sgtesting.actitime.ScrnshotAssignment1Actime" name="logout" time="2.223"/>
  <testcase classname="com.sgtesting.actitime.ScrnshotAssignment1Actime" name="close" time="2.135"/>
</testsuite> <!-- com.sgtesting.actitime.ScrnshotAssignment1Actime -->
