<?xml version="1.0" encoding="UTF-8"?>
<!-- Generated by org.testng.reporters.JUnitReportReporter -->
<testsuite skipped="0" hostname="DESKTOP-GU8OJ5B" name="com.sgtesting.actitime.LoggingTest" tests="1" failures="0" timestamp="2022-12-21T00:17:39 IST" time="0.035" errors="0">
  <testcase name="displayNumbers" time="0.035" classname="com.sgtesting.actitime.LoggingTest"/>
  <system-out/>
</testsuite> <!-- com.sgtesting.actitime.LoggingTest -->
