<?xml version="1.0" encoding="UTF-8"?>
<!-- Generated by org.testng.reporters.JUnitReportReporter -->
<testsuite hostname="NIKHIL" failures="0" tests="1" name="com.sgtesting.actitime.driverscript.DriverScript.DriverScript" time="26.876" errors="0" timestamp="2023-07-19T16:25:59 IST" skipped="0">
  <testcase classname="com.sgtesting.actitime.driverscript.DriverScript.DriverScript" name="feature" time="26.876"/>
  <system-out/>
</testsuite> <!-- com.sgtesting.actitime.driverscript.DriverScript.DriverScript -->
