<?xml version="1.0" encoding="UTF-8"?>
<!-- Generated by org.testng.reporters.JUnitReportReporter -->
<testsuite hostname="NIKHIL" failures="0" tests="12" name="com.sgtesting.TestNgScenarioAssignments.Assignment8Actime" time="52.461" errors="0" timestamp="2023-07-20T08:14:43 IST" skipped="0">
  <testcase classname="com.sgtesting.TestNgScenarioAssignments.Assignment8Actime" name="launch" time="4.633"/>
  <system-out/>
  <testcase classname="com.sgtesting.TestNgScenarioAssignments.Assignment8Actime" name="Navigate" time="1.292"/>
  <system-out/>
  <testcase classname="com.sgtesting.TestNgScenarioAssignments.Assignment8Actime" name="login" time="3.196"/>
  <system-out/>
  <testcase classname="com.sgtesting.TestNgScenarioAssignments.Assignment8Actime" name="Minimize" time="1.059"/>
  <system-out/>
  <testcase classname="com.sgtesting.TestNgScenarioAssignments.Assignment8Actime" name="Createcustomer" time="5.572"/>
  <system-out/>
  <testcase classname="com.sgtesting.TestNgScenarioAssignments.Assignment8Actime" name="CreateProject" time="6.207"/>
  <system-out/>
  <testcase classname="com.sgtesting.TestNgScenarioAssignments.Assignment8Actime" name="CreateTask" time="8.265"/>
  <system-out/>
  <testcase classname="com.sgtesting.TestNgScenarioAssignments.Assignment8Actime" name="DeleteTask" time="8.293"/>
  <system-out/>
  <testcase classname="com.sgtesting.TestNgScenarioAssignments.Assignment8Actime" name="DeleteProject" time="4.279"/>
  <system-out/>
  <testcase classname="com.sgtesting.TestNgScenarioAssignments.Assignment8Actime" name="Deletecustomer" time="4.271"/>
  <system-out/>
  <testcase classname="com.sgtesting.TestNgScenarioAssignments.Assignment8Actime" name="logout" time="2.190"/>
  <system-out/>
  <testcase classname="com.sgtesting.TestNgScenarioAssignments.Assignment8Actime" name="CloseBrowser" time="3.204"/>
  <system-out/>
</testsuite> <!-- com.sgtesting.TestNgScenarioAssignments.Assignment8Actime -->
