<?xml version="1.0" encoding="UTF-8"?>
<!-- Generated by org.testng.reporters.JUnitReportReporter -->
<testsuite hostname="NIKHIL" failures="0" tests="42" name="com.sgtesting.TestNgScenarioAssignments.Assignment3Actime" time="128.882" errors="0" timestamp="2023-07-20T08:01:16 IST" skipped="0">
  <testcase classname="com.sgtesting.TestNgScenarioAssignments.Assignment3Actime" name="launchBrowser" time="1.738"/>
  <system-out/>
  <testcase classname="com.sgtesting.TestNgScenarioAssignments.Assignment3Actime" name="Navigate" time="2.286"/>
  <system-out/>
  <testcase classname="com.sgtesting.TestNgScenarioAssignments.Assignment3Actime" name="Login" time="2.194"/>
  <system-out/>
  <testcase classname="com.sgtesting.TestNgScenarioAssignments.Assignment3Actime" name="minimizeFlyOutwindow" time="2.081"/>
  <system-out/>
  <testcase classname="com.sgtesting.TestNgScenarioAssignments.Assignment3Actime" name="User1" time="8.972"/>
  <system-out/>
  <testcase classname="com.sgtesting.TestNgScenarioAssignments.Assignment3Actime" name="User2" time="5.471"/>
  <system-out/>
  <testcase classname="com.sgtesting.TestNgScenarioAssignments.Assignment3Actime" name="User3" time="5.558"/>
  <system-out/>
  <testcase classname="com.sgtesting.TestNgScenarioAssignments.Assignment3Actime" name="Logout" time="2.232"/>
  <system-out/>
  <testcase classname="com.sgtesting.TestNgScenarioAssignments.Assignment3Actime" name="LoginUser1" time="4.188"/>
  <system-out/>
  <testcase classname="com.sgtesting.TestNgScenarioAssignments.Assignment3Actime" name="Logoutuser1" time="2.104"/>
  <system-out/>
  <testcase classname="com.sgtesting.TestNgScenarioAssignments.Assignment3Actime" name="LoginUser2" time="1.228"/>
  <system-out/>
  <testcase classname="com.sgtesting.TestNgScenarioAssignments.Assignment3Actime" name="Logoutuser2" time="2.124"/>
  <system-out/>
  <testcase classname="com.sgtesting.TestNgScenarioAssignments.Assignment3Actime" name="LoginUser3" time="1.229"/>
  <system-out/>
  <testcase classname="com.sgtesting.TestNgScenarioAssignments.Assignment3Actime" name="Logoutuser3" time="2.139"/>
  <system-out/>
  <testcase classname="com.sgtesting.TestNgScenarioAssignments.Assignment3Actime" name="SecontimeLoginUser1" time="1.181"/>
  <system-out/>
  <testcase classname="com.sgtesting.TestNgScenarioAssignments.Assignment3Actime" name="Modifyuser1" time="6.565"/>
  <system-out/>
  <testcase classname="com.sgtesting.TestNgScenarioAssignments.Assignment3Actime" name="SecondtimeLogoutuser1" time="1.152"/>
  <system-out/>
  <testcase classname="com.sgtesting.TestNgScenarioAssignments.Assignment3Actime" name="SecondtimeLoginUser2" time="1.145"/>
  <system-out/>
  <testcase classname="com.sgtesting.TestNgScenarioAssignments.Assignment3Actime" name="Modifyuser2" time="6.533"/>
  <system-out/>
  <testcase classname="com.sgtesting.TestNgScenarioAssignments.Assignment3Actime" name="SecondtimeLogoutuser2" time="2.174"/>
  <system-out/>
  <testcase classname="com.sgtesting.TestNgScenarioAssignments.Assignment3Actime" name="SecondtimeLoginUser3" time="1.156"/>
  <system-out/>
  <testcase classname="com.sgtesting.TestNgScenarioAssignments.Assignment3Actime" name="Modifyuser3" time="6.502"/>
  <system-out/>
  <testcase classname="com.sgtesting.TestNgScenarioAssignments.Assignment3Actime" name="SecondtimeLogoutuser3" time="2.171"/>
  <system-out/>
  <testcase classname="com.sgtesting.TestNgScenarioAssignments.Assignment3Actime" name="ModifiedLoginUser1" time="1.160"/>
  <system-out/>
  <testcase classname="com.sgtesting.TestNgScenarioAssignments.Assignment3Actime" name="LogoutModifieduser1" time="1.133"/>
  <system-out/>
  <testcase classname="com.sgtesting.TestNgScenarioAssignments.Assignment3Actime" name="ModifiedLoginUser2" time="1.155"/>
  <system-out/>
  <testcase classname="com.sgtesting.TestNgScenarioAssignments.Assignment3Actime" name="LogoutModifieduser2" time="1.138"/>
  <system-out/>
  <testcase classname="com.sgtesting.TestNgScenarioAssignments.Assignment3Actime" name="ModifiedLoginUser3" time="1.160"/>
  <system-out/>
  <testcase classname="com.sgtesting.TestNgScenarioAssignments.Assignment3Actime" name="LogoutModifieduser3" time="1.144"/>
  <system-out/>
  <testcase classname="com.sgtesting.TestNgScenarioAssignments.Assignment3Actime" name="SecondtimeadminLogin" time="1.144"/>
  <system-out/>
  <testcase classname="com.sgtesting.TestNgScenarioAssignments.Assignment3Actime" name="AdminModifyuser1" time="19.180"/>
  <system-out/>
  <testcase classname="com.sgtesting.TestNgScenarioAssignments.Assignment3Actime" name="SecondtimeAdminlogout" time="2.151"/>
  <system-out/>
  <testcase classname="com.sgtesting.TestNgScenarioAssignments.Assignment3Actime" name="ThirdtimeLoginUser1" time="1.158"/>
  <system-out/>
  <testcase classname="com.sgtesting.TestNgScenarioAssignments.Assignment3Actime" name="Thirdtimeuser1logout" time="2.127"/>
  <system-out/>
  <testcase classname="com.sgtesting.TestNgScenarioAssignments.Assignment3Actime" name="ThirdtimeLoginUser2" time="1.156"/>
  <system-out/>
  <testcase classname="com.sgtesting.TestNgScenarioAssignments.Assignment3Actime" name="Thirdtimeuser2logout" time="2.140"/>
  <system-out/>
  <testcase classname="com.sgtesting.TestNgScenarioAssignments.Assignment3Actime" name="ThirdtimeLoginUser3" time="1.145"/>
  <system-out/>
  <testcase classname="com.sgtesting.TestNgScenarioAssignments.Assignment3Actime" name="Thirdtimeuser3logout" time="2.137"/>
  <system-out/>
  <testcase classname="com.sgtesting.TestNgScenarioAssignments.Assignment3Actime" name="thirdtimeadminLogin" time="1.145"/>
  <system-out/>
  <testcase classname="com.sgtesting.TestNgScenarioAssignments.Assignment3Actime" name="DeleteUesers" time="10.949"/>
  <system-out/>
  <testcase classname="com.sgtesting.TestNgScenarioAssignments.Assignment3Actime" name="ThirdtimeAdminlogout" time="2.316"/>
  <system-out/>
  <testcase classname="com.sgtesting.TestNgScenarioAssignments.Assignment3Actime" name="CloseBrowser" time="3.121"/>
  <system-out/>
</testsuite> <!-- com.sgtesting.TestNgScenarioAssignments.Assignment3Actime -->
