<?xml version="1.0" encoding="UTF-8"?>
<!-- Generated by org.testng.reporters.JUnitReportReporter -->
<testsuite hostname="NIKHIL" failures="0" tests="9" name="com.sgtesting.TestNgScenarioAssignments.Assignment5Actime" time="26.449" errors="0" timestamp="2023-07-20T08:11:20 IST" skipped="0">
  <testcase classname="com.sgtesting.TestNgScenarioAssignments.Assignment5Actime" name="launch" time="1.623"/>
  <system-out/>
  <testcase classname="com.sgtesting.TestNgScenarioAssignments.Assignment5Actime" name="Navigate" time="1.271"/>
  <system-out/>
  <testcase classname="com.sgtesting.TestNgScenarioAssignments.Assignment5Actime" name="login" time="3.164"/>
  <system-out/>
  <testcase classname="com.sgtesting.TestNgScenarioAssignments.Assignment5Actime" name="Minimize" time="1.051"/>
  <system-out/>
  <testcase classname="com.sgtesting.TestNgScenarioAssignments.Assignment5Actime" name="Createcustomer" time="5.578"/>
  <system-out/>
  <testcase classname="com.sgtesting.TestNgScenarioAssignments.Assignment5Actime" name="Modifycustomer" time="4.292"/>
  <system-out/>
  <testcase classname="com.sgtesting.TestNgScenarioAssignments.Assignment5Actime" name="Deletecustomer" time="4.185"/>
  <system-out/>
  <testcase classname="com.sgtesting.TestNgScenarioAssignments.Assignment5Actime" name="logout" time="2.160"/>
  <system-out/>
  <testcase classname="com.sgtesting.TestNgScenarioAssignments.Assignment5Actime" name="CloseBrowser" time="3.125"/>
  <system-out/>
</testsuite> <!-- com.sgtesting.TestNgScenarioAssignments.Assignment5Actime -->
