<?xml version="1.0" encoding="UTF-8"?>
<!-- Generated by org.testng.reporters.JUnitReportReporter -->
<testsuite hostname="NIKHIL" failures="0" tests="11" name="com.sgtesting.TestNgScenarioAssignments.Assignment7Actime" time="36.440" errors="0" timestamp="2023-07-20T08:13:26 IST" skipped="0">
  <testcase classname="com.sgtesting.TestNgScenarioAssignments.Assignment7Actime" name="launch" time="1.619"/>
  <system-out/>
  <testcase classname="com.sgtesting.TestNgScenarioAssignments.Assignment7Actime" name="Navigate" time="1.300"/>
  <system-out/>
  <testcase classname="com.sgtesting.TestNgScenarioAssignments.Assignment7Actime" name="login" time="3.166"/>
  <system-out/>
  <testcase classname="com.sgtesting.TestNgScenarioAssignments.Assignment7Actime" name="Minimize" time="1.053"/>
  <system-out/>
  <testcase classname="com.sgtesting.TestNgScenarioAssignments.Assignment7Actime" name="Createcustomer" time="5.610"/>
  <system-out/>
  <testcase classname="com.sgtesting.TestNgScenarioAssignments.Assignment7Actime" name="CreateProject" time="6.280"/>
  <system-out/>
  <testcase classname="com.sgtesting.TestNgScenarioAssignments.Assignment7Actime" name="ModifyProject" time="4.174"/>
  <system-out/>
  <testcase classname="com.sgtesting.TestNgScenarioAssignments.Assignment7Actime" name="DeleteProject" time="3.141"/>
  <system-out/>
  <testcase classname="com.sgtesting.TestNgScenarioAssignments.Assignment7Actime" name="Deletecustomer" time="4.782"/>
  <system-out/>
  <testcase classname="com.sgtesting.TestNgScenarioAssignments.Assignment7Actime" name="logout" time="2.203"/>
  <system-out/>
  <testcase classname="com.sgtesting.TestNgScenarioAssignments.Assignment7Actime" name="CloseBrowser" time="3.112"/>
  <system-out/>
</testsuite> <!-- com.sgtesting.TestNgScenarioAssignments.Assignment7Actime -->
