<?xml version="1.0" encoding="UTF-8"?>
<!-- Generated by org.testng.reporters.JUnitReportReporter -->
<testsuite hostname="NIKHIL" failures="0" tests="10" name="com.sgtesting.TestNgScenarioAssignments.Assignment6Actime" time="32.617" errors="0" timestamp="2023-07-20T08:12:16 IST" skipped="0">
  <testcase classname="com.sgtesting.TestNgScenarioAssignments.Assignment6Actime" name="launch" time="1.605"/>
  <system-out/>
  <testcase classname="com.sgtesting.TestNgScenarioAssignments.Assignment6Actime" name="Navigate" time="1.281"/>
  <system-out/>
  <testcase classname="com.sgtesting.TestNgScenarioAssignments.Assignment6Actime" name="login" time="3.166"/>
  <system-out/>
  <testcase classname="com.sgtesting.TestNgScenarioAssignments.Assignment6Actime" name="Minimize" time="1.043"/>
  <system-out/>
  <testcase classname="com.sgtesting.TestNgScenarioAssignments.Assignment6Actime" name="Createcustomer" time="5.542"/>
  <system-out/>
  <testcase classname="com.sgtesting.TestNgScenarioAssignments.Assignment6Actime" name="CreateProject" time="6.275"/>
  <system-out/>
  <testcase classname="com.sgtesting.TestNgScenarioAssignments.Assignment6Actime" name="DeleteProject" time="4.212"/>
  <system-out/>
  <testcase classname="com.sgtesting.TestNgScenarioAssignments.Assignment6Actime" name="Deletecustomer" time="4.194"/>
  <system-out/>
  <testcase classname="com.sgtesting.TestNgScenarioAssignments.Assignment6Actime" name="logout" time="2.189"/>
  <system-out/>
  <testcase classname="com.sgtesting.TestNgScenarioAssignments.Assignment6Actime" name="CloseBrowser" time="3.110"/>
  <system-out/>
</testsuite> <!-- com.sgtesting.TestNgScenarioAssignments.Assignment6Actime -->
