<?xml version="1.0" encoding="UTF-8"?>
<!-- Generated by org.testng.reporters.JUnitReportReporter -->
<testsuite hostname="NIKHIL" failures="0" tests="9" name="com.sgtesting.TestNgScenarioAssignments.Assignment2Actime" time="36.329" errors="0" timestamp="2023-07-20T08:09:23 IST" skipped="0">
  <testcase classname="com.sgtesting.TestNgScenarioAssignments.Assignment2Actime" name="launchBrowser" time="1.872"/>
  <system-out/>
  <testcase classname="com.sgtesting.TestNgScenarioAssignments.Assignment2Actime" name="Navigate" time="2.265"/>
  <system-out/>
  <testcase classname="com.sgtesting.TestNgScenarioAssignments.Assignment2Actime" name="login" time="5.202"/>
  <system-out/>
  <testcase classname="com.sgtesting.TestNgScenarioAssignments.Assignment2Actime" name="minimize" time="3.060"/>
  <system-out/>
  <testcase classname="com.sgtesting.TestNgScenarioAssignments.Assignment2Actime" name="User" time="8.167"/>
  <system-out/>
  <testcase classname="com.sgtesting.TestNgScenarioAssignments.Assignment2Actime" name="ModifyUser" time="3.273"/>
  <system-out/>
  <testcase classname="com.sgtesting.TestNgScenarioAssignments.Assignment2Actime" name="deleteUser" time="6.178"/>
  <system-out/>
  <testcase classname="com.sgtesting.TestNgScenarioAssignments.Assignment2Actime" name="logout" time="3.179"/>
  <system-out/>
  <testcase classname="com.sgtesting.TestNgScenarioAssignments.Assignment2Actime" name="close" time="3.133"/>
  <system-out/>
</testsuite> <!-- com.sgtesting.TestNgScenarioAssignments.Assignment2Actime -->
