<?xml version="1.0" encoding="UTF-8"?>
<!-- Generated by org.testng.reporters.JUnitReportReporter -->
<testsuite hostname="NIKHIL" failures="0" tests="8" name="com.sgtesting.TestNgScenarioAssignments.Assignment4Actime" time="22.320" errors="0" timestamp="2023-07-20T08:10:28 IST" skipped="0">
  <testcase classname="com.sgtesting.TestNgScenarioAssignments.Assignment4Actime" name="launch" time="1.612"/>
  <system-out/>
  <testcase classname="com.sgtesting.TestNgScenarioAssignments.Assignment4Actime" name="Navigate" time="1.271"/>
  <system-out/>
  <testcase classname="com.sgtesting.TestNgScenarioAssignments.Assignment4Actime" name="login" time="3.157"/>
  <system-out/>
  <testcase classname="com.sgtesting.TestNgScenarioAssignments.Assignment4Actime" name="Minimize" time="1.052"/>
  <system-out/>
  <testcase classname="com.sgtesting.TestNgScenarioAssignments.Assignment4Actime" name="Createcustomer" time="5.676"/>
  <system-out/>
  <testcase classname="com.sgtesting.TestNgScenarioAssignments.Assignment4Actime" name="Deletecustomer" time="4.259"/>
  <system-out/>
  <testcase classname="com.sgtesting.TestNgScenarioAssignments.Assignment4Actime" name="logout" time="2.163"/>
  <system-out/>
  <testcase classname="com.sgtesting.TestNgScenarioAssignments.Assignment4Actime" name="CloseBrowser" time="3.130"/>
  <system-out/>
</testsuite> <!-- com.sgtesting.TestNgScenarioAssignments.Assignment4Actime -->
