<?xml version="1.0" encoding="UTF-8"?>
<!-- Generated by org.testng.reporters.JUnitReportReporter -->
<testsuite hostname="NIKHIL" failures="0" tests="8" name="com.sgtesting.TestNgScenarioAssignments.Assignment1Actime" time="118.274" errors="0" timestamp="2023-07-20T08:06:46 IST" skipped="0">
  <testcase classname="com.sgtesting.TestNgScenarioAssignments.Assignment1Actime" name="launchBrowser" time="91.168"/>
  <system-out/>
  <testcase classname="com.sgtesting.TestNgScenarioAssignments.Assignment1Actime" name="Navigate" time="2.352"/>
  <system-out/>
  <testcase classname="com.sgtesting.TestNgScenarioAssignments.Assignment1Actime" name="login" time="3.199"/>
  <system-out/>
  <testcase classname="com.sgtesting.TestNgScenarioAssignments.Assignment1Actime" name="minimize" time="3.055"/>
  <system-out/>
  <testcase classname="com.sgtesting.TestNgScenarioAssignments.Assignment1Actime" name="User" time="8.035"/>
  <system-out/>
  <testcase classname="com.sgtesting.TestNgScenarioAssignments.Assignment1Actime" name="deleteUser" time="6.144"/>
  <system-out/>
  <testcase classname="com.sgtesting.TestNgScenarioAssignments.Assignment1Actime" name="logout" time="2.184"/>
  <system-out/>
  <testcase classname="com.sgtesting.TestNgScenarioAssignments.Assignment1Actime" name="close" time="2.137"/>
  <system-out/>
</testsuite> <!-- com.sgtesting.TestNgScenarioAssignments.Assignment1Actime -->
