<?xml version="1.0" encoding="UTF-8"?>
<!-- Generated by org.testng.reporters.JUnitReportReporter -->
<testsuite hostname="NIKHIL" failures="0" tests="6" name="com.sgtesting.testngscenario.LoginLogoutDemo" time="7.154" errors="0" timestamp="2023-08-19T19:05:52 IST" skipped="0">
  <testcase classname="com.sgtesting.testngscenario.LoginLogoutDemo" name="launchBrowser" time="2.039"/>
  <system-out/>
  <testcase classname="com.sgtesting.testngscenario.LoginLogoutDemo" name="navigate" time="4.898"/>
  <system-out/>
  <testcase classname="com.sgtesting.testngscenario.LoginLogoutDemo" name="login" time="0.021"/>
  <system-out/>
  <testcase classname="com.sgtesting.testngscenario.LoginLogoutDemo" name="minimizeFlyOutwindow" time="0.023"/>
  <system-out/>
  <testcase classname="com.sgtesting.testngscenario.LoginLogoutDemo" name="logout" time="0.022"/>
  <system-out/>
  <testcase classname="com.sgtesting.testngscenario.LoginLogoutDemo" name="closeApp" time="0.151"/>
  <system-out/>
</testsuite> <!-- com.sgtesting.testngscenario.LoginLogoutDemo -->
