<?xml version="1.0" encoding="UTF-8"?>
<!-- Generated by org.testng.reporters.JUnitReportReporter -->
<testsuite hostname="NIKHIL" failures="0" tests="3" name="com.sgtesting.testcases.Users" time="0.015" errors="0" timestamp="2023-07-19T16:12:16 IST" skipped="0">
  <testcase classname="com.sgtesting.testcases.Users" name="createUser" time="0.006"/>
  <system-out/>
  <testcase classname="com.sgtesting.testcases.Users" name="deleteUser" time="0.001"/>
  <system-out/>
  <testcase classname="com.sgtesting.testcases.Users" name="modifyUser" time="0.008"/>
  <system-out/>
</testsuite> <!-- com.sgtesting.testcases.Users -->
