<?xml version="1.0" encoding="UTF-8"?>
<!-- Generated by org.testng.reporters.JUnitReportReporter -->
<testsuite hostname="NIKHIL" failures="0" tests="1" name="com.sgtesting.actitime.testsuite.DriverScript" time="144.511" errors="0" timestamp="2023-07-20T13:19:07 IST" skipped="0">
  <testcase classname="com.sgtesting.actitime.testsuite.DriverScript" name="feature" time="144.511"/>
  <system-out/>
</testsuite> <!-- com.sgtesting.actitime.testsuite.DriverScript -->
